# JRE version: Java(TM) SE Runtime Environment 18.9 (11.0.12+8) (build 11.0.12+8-LTS-237)
# Java VM: Java HotSpot(TM) 64-Bit Server VM 18.9 (11.0.12+8-LTS-237, mixed mode, tiered, g1 gc, windows-amd64)
Heap:
 garbage-first heap   total 26968064K, used 277892K [0x0000027b78000000, 0x0000029b78000000)
  region size 32768K, 1 young (32768K), 1 survivors (32768K)
 Metaspace       used 27528K, capacity 27804K, committed 27904K, reserved 28672K
GC Heap History (10 events):
Event: 77.554 GC heap after
{Heap after GC invocations=38 (full 0):
 garbage-first heap   total 13697024K, used 267521K [0x0000027b78000000, 0x0000029b78000000)
  region size 32768K, 1 young (32768K), 1 survivors (32768K)
 Metaspace       used 27487K, capacity 27740K, committed 27904K, reserved 28672K
}
Event: 79.538 GC heap before
{Heap before GC invocations=38 (full 0):
 garbage-first heap   total 13697024K, used 890113K [0x0000027b78000000, 0x0000029b78000000)
  region size 32768K, 20 young (655360K), 1 survivors (32768K)
 Metaspace       used 27490K, capacity 27740K, committed 27904K, reserved 28672K
}
Event: 79.718 GC heap after
{Heap after GC invocations=39 (full 0):
 garbage-first heap   total 13697024K, used 266219K [0x0000027b78000000, 0x0000029b78000000)
  region size 32768K, 1 young (32768K), 1 survivors (32768K)
 Metaspace       used 27490K, capacity 27740K, committed 27904K, reserved 28672K
}
Event: 80.699 GC heap before
{Heap before GC invocations=39 (full 0):
 garbage-first heap   total 13697024K, used 888811K [0x0000027b78000000, 0x0000029b78000000)
  region size 32768K, 20 young (655360K), 1 survivors (32768K)
 Metaspace       used 27490K, capacity 27740K, committed 27904K, reserved 28672K
}
Event: 81.099 GC heap after
{Heap after GC invocations=40 (full 0):
 garbage-first heap   total 13697024K, used 276503K [0x0000027b78000000, 0x0000029b78000000)
  region size 32768K, 1 young (32768K), 1 survivors (32768K)
 Metaspace       used 27490K, capacity 27740K, committed 27904K, reserved 28672K
}
Event: 82.102 GC heap before
{Heap before GC invocations=40 (full 0):
 garbage-first heap   total 13697024K, used 899095K [0x0000027b78000000, 0x0000029b78000000)
  region size 32768K, 20 young (655360K), 1 survivors (32768K)
 Metaspace       used 27490K, capacity 27740K, committed 27904K, reserved 28672K
}
Event: 82.120 GC heap after
{Heap after GC invocations=41 (full 0):
 garbage-first heap   total 13697024K, used 281330K [0x0000027b78000000, 0x0000029b78000000)
  region size 32768K, 1 young (32768K), 1 survivors (32768K)
 Metaspace       used 27490K, capacity 27740K, committed 27904K, reserved 28672K
}
Event: 82.909 GC heap before
{Heap before GC invocations=41 (full 0):
 garbage-first heap   total 13697024K, used 903922K [0x0000027b78000000, 0x0000029b78000000)
  region size 32768K, 20 young (655360K), 1 survivors (32768K)
 Metaspace       used 27523K, capacity 27804K, committed 27904K, reserved 28672K
}
Event: 82.982 GC heap after
{Heap after GC invocations=42 (full 0):
 garbage-first heap   total 13697024K, used 280630K [0x0000027b78000000, 0x0000029b78000000)
  region size 32768K, 1 young (32768K), 1 survivors (32768K)
 Metaspace       used 27523K, capacity 27804K, committed 27904K, reserved 28672K
}
Event: 83.825 GC heap before
{Heap before GC invocations=42 (full 0):
 garbage-first heap   total 13697024K, used 903222K [0x0000027b78000000, 0x0000029b78000000)
  region size 32768K, 20 young (655360K), 1 survivors (32768K)
 Metaspace       used 27528K, capacity 27804K, committed 27904K, reserved 28672K
}

